[0.011s] Invoking command in '/home/lucas-fang/ros2_Nav_ws/build/senson_pkg': CMAKE_PREFIX_PATH=${CMAKE_PREFIX_PATH}:/opt/ros/humble /usr/bin/cmake --build /home/lucas-fang/ros2_Nav_ws/build/senson_pkg -- -j4 -l4
[0.033s] -- Found ament_cmake: 1.3.11 (/opt/ros/humble/share/ament_cmake/cmake)
[0.145s] -- Found rclcpp: 16.0.12 (/opt/ros/humble/share/rclcpp/cmake)
[0.169s] -- Found rosidl_generator_c: 3.1.6 (/opt/ros/humble/share/rosidl_generator_c/cmake)
[0.172s] -- Found rosidl_adapter: 3.1.6 (/opt/ros/humble/share/rosidl_adapter/cmake)
[0.177s] -- Found rosidl_generator_cpp: 3.1.6 (/opt/ros/humble/share/rosidl_generator_cpp/cmake)
[0.185s] -- Using all available rosidl_typesupport_c: rosidl_typesupport_fastrtps_c;rosidl_typesupport_introspection_c
[0.196s] -- Using all available rosidl_typesupport_cpp: rosidl_typesupport_fastrtps_cpp;rosidl_typesupport_introspection_cpp
[0.224s] -- Found rmw_implementation_cmake: 6.1.2 (/opt/ros/humble/share/rmw_implementation_cmake/cmake)
[0.225s] -- Found rmw_fastrtps_cpp: 6.2.7 (/opt/ros/humble/share/rmw_fastrtps_cpp/cmake)
[0.312s] -- Using RMW implementation 'rmw_fastrtps_cpp' as default
[0.356s] -- Found serial_driver: 1.2.0 (/opt/ros/humble/share/serial_driver/cmake)
[0.369s] -- Found asio_cmake_module: 1.2.0 (/opt/ros/humble/share/asio_cmake_module/cmake)
[0.405s] -- Found geometry_msgs: 4.9.0 (/opt/ros/humble/share/geometry_msgs/cmake)
[0.417s] -- Found sensor_msgs: 4.9.0 (/opt/ros/humble/share/sensor_msgs/cmake)
[0.432s] -- Found tf2: 0.25.13 (/opt/ros/humble/share/tf2/cmake)
[0.435s] -- Found tf2_ros: 0.25.13 (/opt/ros/humble/share/tf2_ros/cmake)
[0.495s] -- Found ament_lint_auto: 0.12.12 (/opt/ros/humble/share/ament_lint_auto/cmake)
[0.557s] -- Added test 'cppcheck' to perform static code analysis on C / C++ code
[0.557s] -- Configured cppcheck include dirs: $<BUILD_INTERFACE:/home/lucas-fang/ros2_Nav_ws/src/senson_pkg/include>
[0.557s] -- Configured cppcheck exclude dirs and/or files: 
[0.558s] -- Added test 'lint_cmake' to check CMake code style
[0.559s] -- Added test 'uncrustify' to check C / C++ code style
[0.559s] -- Configured uncrustify additional arguments: 
[0.559s] -- Added test 'xmllint' to check XML markup files
[0.560s] -- Configuring done
[0.584s] -- Generating done
[0.590s] -- Build files have been written to: /home/lucas-fang/ros2_Nav_ws/build/senson_pkg
[0.616s] [35m[1mConsolidate compiler generated dependencies of target my_serial_lib[0m
[0.618s] [35m[1mConsolidate compiler generated dependencies of target imu_node[0m
[0.630s] [ 25%] [32m[1mLinking CXX static library libmy_serial_lib.a[0m
[0.640s] [ 50%] [32m[1mLinking CXX executable imu_node[0m
[0.660s] [ 75%] Built target my_serial_lib
[0.857s] /usr/bin/ld: CMakeFiles/imu_node.dir/src/imu_node.cpp.o: in function `Serial_Node::parse_buffer()':
[0.857s] imu_node.cpp:(.text._ZN11Serial_Node12parse_bufferEv[_ZN11Serial_Node12parse_bufferEv]+0x172): undefined reference to `Get_CRC16(unsigned char*, unsigned short)'
[0.872s] collect2: error: ld returned 1 exit status
[0.874s] gmake[2]: *** [CMakeFiles/imu_node.dir/build.make:286: imu_node] Error 1
[0.874s] gmake[1]: *** [CMakeFiles/Makefile2:165: CMakeFiles/imu_node.dir/all] Error 2
[0.874s] gmake: *** [Makefile:146: all] Error 2
[0.877s] Invoked command in '/home/lucas-fang/ros2_Nav_ws/build/senson_pkg' returned '2': CMAKE_PREFIX_PATH=${CMAKE_PREFIX_PATH}:/opt/ros/humble /usr/bin/cmake --build /home/lucas-fang/ros2_Nav_ws/build/senson_pkg -- -j4 -l4
