[0.011s] Invoking command in '/home/lucas-fang/ros2_Nav_ws/build/senson_pkg': CMAKE_PREFIX_PATH=${CMAKE_PREFIX_PATH}:/opt/ros/humble /usr/bin/cmake --build /home/lucas-fang/ros2_Nav_ws/build/senson_pkg -- -j4 -l4
[0.033s] -- Found ament_cmake: 1.3.11 (/opt/ros/humble/share/ament_cmake/cmake)
[0.144s] -- Found rclcpp: 16.0.12 (/opt/ros/humble/share/rclcpp/cmake)
[0.169s] -- Found rosidl_generator_c: 3.1.6 (/opt/ros/humble/share/rosidl_generator_c/cmake)
[0.171s] -- Found rosidl_adapter: 3.1.6 (/opt/ros/humble/share/rosidl_adapter/cmake)
[0.176s] -- Found rosidl_generator_cpp: 3.1.6 (/opt/ros/humble/share/rosidl_generator_cpp/cmake)
[0.185s] -- Using all available rosidl_typesupport_c: rosidl_typesupport_fastrtps_c;rosidl_typesupport_introspection_c
[0.196s] -- Using all available rosidl_typesupport_cpp: rosidl_typesupport_fastrtps_cpp;rosidl_typesupport_introspection_cpp
[0.224s] -- Found rmw_implementation_cmake: 6.1.2 (/opt/ros/humble/share/rmw_implementation_cmake/cmake)
[0.225s] -- Found rmw_fastrtps_cpp: 6.2.7 (/opt/ros/humble/share/rmw_fastrtps_cpp/cmake)
[0.312s] -- Using RMW implementation 'rmw_fastrtps_cpp' as default
[0.355s] -- Found serial_driver: 1.2.0 (/opt/ros/humble/share/serial_driver/cmake)
[0.369s] -- Found asio_cmake_module: 1.2.0 (/opt/ros/humble/share/asio_cmake_module/cmake)
[0.405s] -- Found geometry_msgs: 4.9.0 (/opt/ros/humble/share/geometry_msgs/cmake)
[0.416s] -- Found sensor_msgs: 4.9.0 (/opt/ros/humble/share/sensor_msgs/cmake)
[0.431s] -- Found tf2: 0.25.13 (/opt/ros/humble/share/tf2/cmake)
[0.434s] -- Found tf2_ros: 0.25.13 (/opt/ros/humble/share/tf2_ros/cmake)
[0.492s] -- Found ament_lint_auto: 0.12.12 (/opt/ros/humble/share/ament_lint_auto/cmake)
[0.553s] -- Added test 'cppcheck' to perform static code analysis on C / C++ code
[0.554s] -- Configured cppcheck include dirs: $<BUILD_INTERFACE:/home/lucas-fang/ros2_Nav_ws/src/senson_pkg/include>
[0.554s] -- Configured cppcheck exclude dirs and/or files: 
[0.554s] -- Added test 'lint_cmake' to check CMake code style
[0.555s] -- Added test 'uncrustify' to check C / C++ code style
[0.555s] -- Configured uncrustify additional arguments: 
[0.555s] -- Added test 'xmllint' to check XML markup files
[0.556s] -- Configuring done
[0.580s] -- Generating done
[0.587s] -- Build files have been written to: /home/lucas-fang/ros2_Nav_ws/build/senson_pkg
[0.614s] [35m[1mConsolidate compiler generated dependencies of target imu_node[0m
[0.614s] [35m[1mConsolidate compiler generated dependencies of target my_serial_lib[0m
[0.623s] [ 40%] [32mBuilding CXX object CMakeFiles/my_serial_lib.dir/src/imu_driver.cpp.o[0m
[0.623s] [ 40%] [32mBuilding CXX object CMakeFiles/imu_node.dir/src/imu_node.cpp.o[0m
[3.423s] [ 60%] [32m[1mLinking CXX static library libmy_serial_lib.a[0m
[3.453s] [ 80%] Built target my_serial_lib
[5.447s] [100%] [32m[1mLinking CXX executable imu_node[0m
[5.665s] /usr/bin/ld: CMakeFiles/imu_node.dir/src/imu_node.cpp.o: in function `Serial_Node::parse_buffer()':
[5.665s] imu_node.cpp:(.text._ZN11Serial_Node12parse_bufferEv[_ZN11Serial_Node12parse_bufferEv]+0x172): undefined reference to `Get_CRC16(unsigned char*, unsigned short)'
[5.680s] collect2: error: ld returned 1 exit status
[5.681s] gmake[2]: *** [CMakeFiles/imu_node.dir/build.make:286: imu_node] Error 1
[5.681s] gmake[1]: *** [CMakeFiles/Makefile2:165: CMakeFiles/imu_node.dir/all] Error 2
[5.681s] gmake: *** [Makefile:146: all] Error 2
[5.683s] Invoked command in '/home/lucas-fang/ros2_Nav_ws/build/senson_pkg' returned '2': CMAKE_PREFIX_PATH=${CMAKE_PREFIX_PATH}:/opt/ros/humble /usr/bin/cmake --build /home/lucas-fang/ros2_Nav_ws/build/senson_pkg -- -j4 -l4
