[0.011s] Invoking command in '/home/lucas-fang/ros2_Nav_ws/build/senson_pkg': CMAKE_PREFIX_PATH=${CMAKE_PREFIX_PATH}:/opt/ros/humble /usr/bin/cmake --build /home/lucas-fang/ros2_Nav_ws/build/senson_pkg -- -j4 -l4
[0.058s] [ 75%] [32mBuilding CXX object CMakeFiles/crc16.dir/src/crc16.cpp.o[0m
[0.058s] [ 75%] Built target imu_node
[0.066s] [01m[K/home/lucas-fang/ros2_Nav_ws/src/senson_pkg/src/crc16.cpp:1:10:[m[K [01;31m[Kfatal error: [m[Ksenson_pkg/crc16.h: No such file or directory
[0.066s]     1 | #include [01;31m[K"senson_pkg/crc16.h"[m[K
[0.066s]       |          [01;31m[K^~~~~~~~~~~~~~~~~~~~[m[K
[0.066s] compilation terminated.
[0.066s] gmake[2]: *** [CMakeFiles/crc16.dir/build.make:76: CMakeFiles/crc16.dir/src/crc16.cpp.o] Error 1
[0.067s] gmake[1]: *** [CMakeFiles/Makefile2:165: CMakeFiles/crc16.dir/all] Error 2
[0.067s] gmake: *** [Makefile:146: all] Error 2
[0.069s] Invoked command in '/home/lucas-fang/ros2_Nav_ws/build/senson_pkg' returned '2': CMAKE_PREFIX_PATH=${CMAKE_PREFIX_PATH}:/opt/ros/humble /usr/bin/cmake --build /home/lucas-fang/ros2_Nav_ws/build/senson_pkg -- -j4 -l4
