[0.013s] Invoking command in '/home/lucas-fang/ros2_Nav_ws/build/serial_pkg': CMAKE_PREFIX_PATH=/home/lucas-fang/ros2_Nav_ws/install/base_interfaces:/home/lucas-fang/ros2_Nav_ws/install/serial_pkg:/home/lucas-fang/ros2_Nav_ws/install/rplidar_ros:/opt/ros/humble /usr/bin/cmake --build /home/lucas-fang/ros2_Nav_ws/build/serial_pkg -- -j4 -l4
[0.035s] -- Found ament_cmake: 1.3.11 (/opt/ros/humble/share/ament_cmake/cmake)
[0.147s] -- Found rclcpp: 16.0.12 (/opt/ros/humble/share/rclcpp/cmake)
[0.171s] -- Found rosidl_generator_c: 3.1.6 (/opt/ros/humble/share/rosidl_generator_c/cmake)
[0.173s] -- Found rosidl_adapter: 3.1.6 (/opt/ros/humble/share/rosidl_adapter/cmake)
[0.178s] -- Found rosidl_generator_cpp: 3.1.6 (/opt/ros/humble/share/rosidl_generator_cpp/cmake)
[0.187s] -- Using all available rosidl_typesupport_c: rosidl_typesupport_fastrtps_c;rosidl_typesupport_introspection_c
[0.197s] -- Using all available rosidl_typesupport_cpp: rosidl_typesupport_fastrtps_cpp;rosidl_typesupport_introspection_cpp
[0.228s] -- Found rmw_implementation_cmake: 6.1.2 (/opt/ros/humble/share/rmw_implementation_cmake/cmake)
[0.229s] -- Found rmw_fastrtps_cpp: 6.2.7 (/opt/ros/humble/share/rmw_fastrtps_cpp/cmake)
[0.313s] -- Using RMW implementation 'rmw_fastrtps_cpp' as default
[0.355s] -- Found geometry_msgs: 4.9.0 (/opt/ros/humble/share/geometry_msgs/cmake)
[0.366s] -- Found sensor_msgs: 4.9.0 (/opt/ros/humble/share/sensor_msgs/cmake)
[0.383s] -- Found serial_driver: 1.2.0 (/opt/ros/humble/share/serial_driver/cmake)
[0.397s] -- Found asio_cmake_module: 1.2.0 (/opt/ros/humble/share/asio_cmake_module/cmake)
[0.433s] -- Found tf2: 0.25.13 (/opt/ros/humble/share/tf2/cmake)
[0.435s] -- Found tf2_ros: 0.25.13 (/opt/ros/humble/share/tf2_ros/cmake)
[0.488s] -- Found base_interfaces: 0.0.0 (/home/lucas-fang/ros2_Nav_ws/install/base_interfaces/share/base_interfaces/cmake)
[0.513s] -- Found ament_lint_auto: 0.12.12 (/opt/ros/humble/share/ament_lint_auto/cmake)
[0.578s] -- Added test 'cppcheck' to perform static code analysis on C / C++ code
[0.578s] -- Configured cppcheck include dirs: $<BUILD_INTERFACE:/home/lucas-fang/ros2_Nav_ws/src/serial_pkg/include>
[0.578s] -- Configured cppcheck exclude dirs and/or files: 
[0.579s] -- Added test 'lint_cmake' to check CMake code style
[0.580s] -- Added test 'uncrustify' to check C / C++ code style
[0.580s] -- Configured uncrustify additional arguments: 
[0.580s] -- Added test 'xmllint' to check XML markup files
[0.581s] -- Configuring done
[0.634s] -- Generating done
[0.644s] -- Build files have been written to: /home/lucas-fang/ros2_Nav_ws/build/serial_pkg
[0.669s] [35m[1mConsolidate compiler generated dependencies of target my_serial_lib[0m
[0.670s] [35m[1mConsolidate compiler generated dependencies of target odom[0m
[0.683s] [ 25%] Built target my_serial_lib
[0.693s] [ 37%] [32mBuilding CXX object CMakeFiles/odom.dir/src/odom.cpp.o[0m
[0.702s] [35m[1mConsolidate compiler generated dependencies of target chat_stm32[0m
[0.702s] [35m[1mConsolidate compiler generated dependencies of target get_imu_ros2[0m
[0.734s] [ 62%] [32mBuilding CXX object CMakeFiles/chat_stm32.dir/src/chat_stm32.cpp.o[0m
[0.734s] [ 62%] [32mBuilding CXX object CMakeFiles/get_imu_ros2.dir/src/get_imu_ros2.cpp.o[0m
[3.589s] [01m[K/home/lucas-fang/ros2_Nav_ws/src/serial_pkg/src/odom.cpp:[m[K In constructor â€˜[01m[KCala_Odom::Cala_Odom()[m[Kâ€™:
[3.589s] [01m[K/home/lucas-fang/ros2_Nav_ws/src/serial_pkg/src/odom.cpp:17:103:[m[K [01;31m[Kerror: [m[Kno matching function for call to â€˜[01m[Kbind(<unresolved overloaded function type>, Cala_Odom*, const std::_Placeholder<1>&)[m[Kâ€™
[3.589s]    17 |         sub_my_imu_ = this->create_subscription<base_interfaces::msg::Imu>("myimu/data", 10, [01;31m[Kstd::bind([m[K
[3.589s]       |                                                                                              [01;31m[K~~~~~~~~~^[m[K
[3.589s]    18 | [01;31m[K            &Cala_Odom::topic_callback, this, std::placeholders::_1)[m[K);
[3.589s]       |             [01;31m[K~~~~~~~~~~~~~~~~~~~~~~~~~~~~~~~~~~~~~~~~~~~~~~~~~~~~~~~~[m[K                                   
[3.589s] In file included from [01m[K/usr/include/c++/11/pstl/glue_algorithm_defs.h:13[m[K,
[3.590s]                  from [01m[K/usr/include/c++/11/algorithm:74[m[K,
[3.590s]                  from [01m[K/opt/ros/humble/include/rclcpp/rclcpp/executor.hpp:18[m[K,
[3.590s]                  from [01m[K/opt/ros/humble/include/rclcpp/rclcpp/executors/multi_threaded_executor.hpp:25[m[K,
[3.590s]                  from [01m[K/opt/ros/humble/include/rclcpp/rclcpp/executors.hpp:21[m[K,
[3.590s]                  from [01m[K/opt/ros/humble/include/rclcpp/rclcpp/rclcpp.hpp:155[m[K,
[3.590s]                  from [01m[K/home/lucas-fang/ros2_Nav_ws/src/serial_pkg/src/odom.cpp:1[m[K:
[3.590s] [01m[K/usr/include/c++/11/functional:789:5:[m[K [01;36m[Knote: [m[Kcandidate: â€˜[01m[Ktemplate<class _Func, class ... _BoundArgs> typename std::_Bind_helper<std::__is_socketlike<_Func>::value, _Func, _BoundArgs ...>::type std::bind(_Func&&, _BoundArgs&& ...)[m[Kâ€™
[3.590s]   789 |     [01;36m[Kbind[m[K(_Func&& __f, _BoundArgs&&... __args)
[3.590s]       |     [01;36m[K^~~~[m[K
[3.590s] [01m[K/usr/include/c++/11/functional:789:5:[m[K [01;36m[Knote: [m[K  template argument deduction/substitution failed:
[3.590s] [01m[K/home/lucas-fang/ros2_Nav_ws/src/serial_pkg/src/odom.cpp:17:103:[m[K [01;36m[Knote: [m[K  couldnâ€™t deduce template parameter â€˜[01m[K_Func[m[Kâ€™
[3.590s]    17 |         sub_my_imu_ = this->create_subscription<base_interfaces::msg::Imu>("myimu/data", 10, [01;36m[Kstd::bind([m[K
[3.590s]       |                                                                                              [01;36m[K~~~~~~~~~^[m[K
[3.591s]    18 | [01;36m[K            &Cala_Odom::topic_callback, this, std::placeholders::_1)[m[K);
[3.591s]       |             [01;36m[K~~~~~~~~~~~~~~~~~~~~~~~~~~~~~~~~~~~~~~~~~~~~~~~~~~~~~~~~[m[K                                   
[3.591s] In file included from [01m[K/usr/include/c++/11/pstl/glue_algorithm_defs.h:13[m[K,
[3.591s]                  from [01m[K/usr/include/c++/11/algorithm:74[m[K,
[3.591s]                  from [01m[K/opt/ros/humble/include/rclcpp/rclcpp/executor.hpp:18[m[K,
[3.595s]                  from [01m[K/opt/ros/humble/include/rclcpp/rclcpp/executors/multi_threaded_executor.hpp:25[m[K,
[3.596s]                  from [01m[K/opt/ros/humble/include/rclcpp/rclcpp/executors.hpp:21[m[K,
[3.596s]                  from [01m[K/opt/ros/humble/include/rclcpp/rclcpp/rclcpp.hpp:155[m[K,
[3.597s]                  from [01m[K/home/lucas-fang/ros2_Nav_ws/src/serial_pkg/src/odom.cpp:1[m[K:
[3.597s] [01m[K/usr/include/c++/11/functional:813:5:[m[K [01;36m[Knote: [m[Kcandidate: â€˜[01m[Ktemplate<class _Result, class _Func, class ... _BoundArgs> typename std::_Bindres_helper<_Result, _Func, _BoundArgs>::type std::bind(_Func&&, _BoundArgs&& ...)[m[Kâ€™
[3.598s]   813 |     [01;36m[Kbind[m[K(_Func&& __f, _BoundArgs&&... __args)
[3.598s]       |     [01;36m[K^~~~[m[K
[3.598s] [01m[K/usr/include/c++/11/functional:813:5:[m[K [01;36m[Knote: [m[K  template argument deduction/substitution failed:
[3.599s] [01m[K/home/lucas-fang/ros2_Nav_ws/src/serial_pkg/src/odom.cpp:17:103:[m[K [01;36m[Knote: [m[K  couldnâ€™t deduce template parameter â€˜[01m[K_Result[m[Kâ€™
[3.599s]    17 |         sub_my_imu_ = this->create_subscription<base_interfaces::msg::Imu>("myimu/data", 10, [01;36m[Kstd::bind([m[K
[3.599s]       |                                                                                              [01;36m[K~~~~~~~~~^[m[K
[3.600s]    18 | [01;36m[K            &Cala_Odom::topic_callback, this, std::placeholders::_1)[m[K);
[3.600s]       |             [01;36m[K~~~~~~~~~~~~~~~~~~~~~~~~~~~~~~~~~~~~~~~~~~~~~~~~~~~~~~~~[m[K                                   
[3.601s] [01m[K/home/lucas-fang/ros2_Nav_ws/src/serial_pkg/src/odom.cpp:20:108:[m[K [01;31m[Kerror: [m[Kno matching function for call to â€˜[01m[Kbind(<unresolved overloaded function type>, Cala_Odom*, const std::_Placeholder<1>&)[m[Kâ€™
[3.601s]    20 |         sub_my_robot_ = this->create_subscription<base_interfaces::msg::Robot>("robot/speed", 10, [01;31m[Kstd::bind([m[K
[3.601s]       |                                                                                                   [01;31m[K~~~~~~~~~^[m[K
[3.602s]    21 | [01;31m[K            &Cala_Odom::topic_callback, this, std::placeholders::_1)[m[K);
[3.602s]       |             [01;31m[K~~~~~~~~~~~~~~~~~~~~~~~~~~~~~~~~~~~~~~~~~~~~~~~~~~~~~~~~[m[K                                        
[3.602s] In file included from [01m[K/usr/include/c++/11/pstl/glue_algorithm_defs.h:13[m[K,
[3.603s]                  from [01m[K/usr/include/c++/11/algorithm:74[m[K,
[3.603s]                  from [01m[K/opt/ros/humble/include/rclcpp/rclcpp/executor.hpp:18[m[K,
[3.604s]                  from [01m[K/opt/ros/humble/include/rclcpp/rclcpp/executors/multi_threaded_executor.hpp:25[m[K,
[3.604s]                  from [01m[K/opt/ros/humble/include/rclcpp/rclcpp/executors.hpp:21[m[K,
[3.604s]                  from [01m[K/opt/ros/humble/include/rclcpp/rclcpp/rclcpp.hpp:155[m[K,
[3.605s]                  from [01m[K/home/lucas-fang/ros2_Nav_ws/src/serial_pkg/src/odom.cpp:1[m[K:
[3.605s] [01m[K/usr/include/c++/11/functional:789:5:[m[K [01;36m[Knote: [m[Kcandidate: â€˜[01m[Ktemplate<class _Func, class ... _BoundArgs> typename std::_Bind_helper<std::__is_socketlike<_Func>::value, _Func, _BoundArgs ...>::type std::bind(_Func&&, _BoundArgs&& ...)[m[Kâ€™
[3.605s]   789 |     [01;36m[Kbind[m[K(_Func&& __f, _BoundArgs&&... __args)
[3.606s]       |     [01;36m[K^~~~[m[K
[3.606s] [01m[K/usr/include/c++/11/functional:789:5:[m[K [01;36m[Knote: [m[K  template argument deduction/substitution failed:
[3.606s] [01m[K/home/lucas-fang/ros2_Nav_ws/src/serial_pkg/src/odom.cpp:20:108:[m[K [01;36m[Knote: [m[K  couldnâ€™t deduce template parameter â€˜[01m[K_Func[m[Kâ€™
[3.606s]    20 |         sub_my_robot_ = this->create_subscription<base_interfaces::msg::Robot>("robot/speed", 10, [01;36m[Kstd::bind([m[K
[3.606s]       |                                                                                                   [01;36m[K~~~~~~~~~^[m[K
[3.606s]    21 | [01;36m[K            &Cala_Odom::topic_callback, this, std::placeholders::_1)[m[K);
[3.606s]       |             [01;36m[K~~~~~~~~~~~~~~~~~~~~~~~~~~~~~~~~~~~~~~~~~~~~~~~~~~~~~~~~[m[K                                        
[3.606s] In file included from [01m[K/usr/include/c++/11/pstl/glue_algorithm_defs.h:13[m[K,
[3.606s]                  from [01m[K/usr/include/c++/11/algorithm:74[m[K,
[3.607s]                  from [01m[K/opt/ros/humble/include/rclcpp/rclcpp/executor.hpp:18[m[K,
[3.607s]                  from [01m[K/opt/ros/humble/include/rclcpp/rclcpp/executors/multi_threaded_executor.hpp:25[m[K,
[3.607s]                  from [01m[K/opt/ros/humble/include/rclcpp/rclcpp/executors.hpp:21[m[K,
[3.607s]                  from [01m[K/opt/ros/humble/include/rclcpp/rclcpp/rclcpp.hpp:155[m[K,
[3.607s]                  from [01m[K/home/lucas-fang/ros2_Nav_ws/src/serial_pkg/src/odom.cpp:1[m[K:
[3.609s] [01m[K/usr/include/c++/11/functional:813:5:[m[K [01;36m[Knote: [m[Kcandidate: â€˜[01m[Ktemplate<class _Result, class _Func, class ... _BoundArgs> typename std::_Bindres_helper<_Result, _Func, _BoundArgs>::type std::bind(_Func&&, _BoundArgs&& ...)[m[Kâ€™
[3.610s]   813 |     [01;36m[Kbind[m[K(_Func&& __f, _BoundArgs&&... __args)
[3.610s]       |     [01;36m[K^~~~[m[K
[3.611s] [01m[K/usr/include/c++/11/functional:813:5:[m[K [01;36m[Knote: [m[K  template argument deduction/substitution failed:
[3.611s] [01m[K/home/lucas-fang/ros2_Nav_ws/src/serial_pkg/src/odom.cpp:20:108:[m[K [01;36m[Knote: [m[K  couldnâ€™t deduce template parameter â€˜[01m[K_Result[m[Kâ€™
[3.611s]    20 |         sub_my_robot_ = this->create_subscription<base_interfaces::msg::Robot>("robot/speed", 10, [01;36m[Kstd::bind([m[K
[3.612s]       |                                                                                                   [01;36m[K~~~~~~~~~^[m[K
[3.612s]    21 | [01;36m[K            &Cala_Odom::topic_callback, this, std::placeholders::_1)[m[K);
[3.613s]       |             [01;36m[K~~~~~~~~~~~~~~~~~~~~~~~~~~~~~~~~~~~~~~~~~~~~~~~~~~~~~~~~[m[K                                        
[4.191s] gmake[2]: *** [CMakeFiles/odom.dir/build.make:76: CMakeFiles/odom.dir/src/odom.cpp.o] Error 1
[4.191s] gmake[1]: *** [CMakeFiles/Makefile2:195: CMakeFiles/odom.dir/all] Error 2
[4.191s] gmake[1]: *** Waiting for unfinished jobs....
[7.113s] [ 75%] [32m[1mLinking CXX executable get_imu_ros2[0m
[7.423s] [ 75%] Built target get_imu_ros2
[10.491s] [ 87%] [32m[1mLinking CXX executable chat_stm32[0m
[11.035s] [ 87%] Built target chat_stm32
[11.036s] gmake: *** [Makefile:146: all] Error 2
[11.038s] Invoked command in '/home/lucas-fang/ros2_Nav_ws/build/serial_pkg' returned '2': CMAKE_PREFIX_PATH=/home/lucas-fang/ros2_Nav_ws/install/base_interfaces:/home/lucas-fang/ros2_Nav_ws/install/serial_pkg:/home/lucas-fang/ros2_Nav_ws/install/rplidar_ros:/opt/ros/humble /usr/bin/cmake --build /home/lucas-fang/ros2_Nav_ws/build/serial_pkg -- -j4 -l4
