[0.020s] Invoking command in '/home/lucas-fang/ros2_Nav_ws/build/base_driver_pkg': CMAKE_PREFIX_PATH=${CMAKE_PREFIX_PATH}:/opt/ros/humble /usr/bin/cmake --build /home/lucas-fang/ros2_Nav_ws/build/base_driver_pkg -- -j4 -l4
[0.053s] -- Found ament_cmake: 1.3.11 (/opt/ros/humble/share/ament_cmake/cmake)
[0.302s] -- Found rclcpp: 16.0.12 (/opt/ros/humble/share/rclcpp/cmake)
[0.371s] -- Found rosidl_generator_c: 3.1.6 (/opt/ros/humble/share/rosidl_generator_c/cmake)
[0.378s] -- Found rosidl_adapter: 3.1.6 (/opt/ros/humble/share/rosidl_adapter/cmake)
[0.405s] -- Found rosidl_generator_cpp: 3.1.6 (/opt/ros/humble/share/rosidl_generator_cpp/cmake)
[0.445s] -- Using all available rosidl_typesupport_c: rosidl_typesupport_fastrtps_c;rosidl_typesupport_introspection_c
[0.490s] -- Using all available rosidl_typesupport_cpp: rosidl_typesupport_fastrtps_cpp;rosidl_typesupport_introspection_cpp
[0.592s] -- Found rmw_implementation_cmake: 6.1.2 (/opt/ros/humble/share/rmw_implementation_cmake/cmake)
[0.603s] -- Found rmw_fastrtps_cpp: 6.2.7 (/opt/ros/humble/share/rmw_fastrtps_cpp/cmake)
[0.768s] -- Using RMW implementation 'rmw_fastrtps_cpp' as default
[0.870s] -- Found serial_driver: 1.2.0 (/opt/ros/humble/share/serial_driver/cmake)
[0.904s] -- Found asio_cmake_module: 1.2.0 (/opt/ros/humble/share/asio_cmake_module/cmake)
[1.014s] -- Found geometry_msgs: 4.9.0 (/opt/ros/humble/share/geometry_msgs/cmake)
[1.041s] -- Found tf2: 0.25.13 (/opt/ros/humble/share/tf2/cmake)
[1.054s] -- Found tf2_ros: 0.25.13 (/opt/ros/humble/share/tf2_ros/cmake)
[1.157s] -- Found nav_msgs: 4.9.0 (/opt/ros/humble/share/nav_msgs/cmake)
[1.179s] -- Found sensor_msgs: 4.9.0 (/opt/ros/humble/share/sensor_msgs/cmake)
[1.220s] -- Found ament_lint_auto: 0.12.12 (/opt/ros/humble/share/ament_lint_auto/cmake)
[1.310s] -- Added test 'cppcheck' to perform static code analysis on C / C++ code
[1.310s] -- Configured cppcheck include dirs: $<BUILD_INTERFACE:/home/lucas-fang/ros2_Nav_ws/src/base_driver_pkg/include>
[1.310s] -- Configured cppcheck exclude dirs and/or files: 
[1.310s] -- Added test 'flake8' to check Python code syntax and style conventions
[1.311s] -- Added test 'lint_cmake' to check CMake code style
[1.311s] -- Added test 'pep257' to check Python code against some of the docstring style conventions in PEP 257
[1.312s] -- Added test 'uncrustify' to check C / C++ code style
[1.312s] -- Configured uncrustify additional arguments: 
[1.313s] -- Added test 'xmllint' to check XML markup files
[1.315s] -- Configuring done
[1.360s] -- Generating done
[1.372s] -- Build files have been written to: /home/lucas-fang/ros2_Nav_ws/build/base_driver_pkg
[1.407s] [35m[1mConsolidate compiler generated dependencies of target odom_node[0m
[1.410s] [35m[1mConsolidate compiler generated dependencies of target stm32_node[0m
[1.429s] [ 33%] Built target odom_node
[1.436s] [ 50%] [32mBuilding CXX object CMakeFiles/pub_cmd_vel_to_classic.dir/src/pub_cmd_vel_to_classic.cpp.o[0m
[1.457s] [ 66%] [32mBuilding CXX object CMakeFiles/stm32_node.dir/src/stm32_node.cpp.o[0m
[1.459s] [ 83%] [32m[1mLinking CXX executable pub_cmd_vel_to_classic[0m
[1.674s] /usr/bin/ld: /usr/lib/gcc/x86_64-linux-gnu/11/../../../x86_64-linux-gnu/Scrt1.o: in function `_start':
[1.675s] (.text+0x1b): undefined reference to `main'
[1.676s] collect2: error: ld returned 1 exit status
[1.679s] gmake[2]: *** [CMakeFiles/pub_cmd_vel_to_classic.dir/build.make:248: pub_cmd_vel_to_classic] Error 1
[1.680s] gmake[1]: *** [CMakeFiles/Makefile2:193: CMakeFiles/pub_cmd_vel_to_classic.dir/all] Error 2
[1.680s] gmake[1]: *** Waiting for unfinished jobs....
[5.178s] [01m[K/home/lucas-fang/ros2_Nav_ws/src/base_driver_pkg/src/stm32_node.cpp:[m[K In lambda function:
[5.178s] [01m[K/home/lucas-fang/ros2_Nav_ws/src/base_driver_pkg/src/stm32_node.cpp:101:79:[m[K [01;35m[Kwarning: [m[Kunused parameter â€˜[01m[Ksize[m[Kâ€™ [[01;35m[K]8;;https://gcc.gnu.org/onlinedocs/gcc/Warning-Options.html#index-Wunused-parameter-Wunused-parameter]8;;[m[K]
[5.178s]   101 |     port->async_receive([this](const std::vector<uint8_t> &data,[01;35m[Kconst size_t &size[m[K)
[5.178s]       |                                                                 [01;35m[K~~~~~~~~~~~~~~^~~~[m[K
[11.329s] [100%] [32m[1mLinking CXX executable stm32_node[0m
[11.865s] [100%] Built target stm32_node
[11.866s] gmake: *** [Makefile:146: all] Error 2
[11.868s] Invoked command in '/home/lucas-fang/ros2_Nav_ws/build/base_driver_pkg' returned '2': CMAKE_PREFIX_PATH=${CMAKE_PREFIX_PATH}:/opt/ros/humble /usr/bin/cmake --build /home/lucas-fang/ros2_Nav_ws/build/base_driver_pkg -- -j4 -l4
